TN:
SF:backend\src\app.js
FN:21,processSuccessfulSubscription
FNF:1
FNH:0
FNDA:0,processSuccessfulSubscription
DA:1,1
DA:2,1
DA:3,1
DA:4,1
DA:5,1
DA:6,1
DA:7,1
DA:8,1
DA:9,1
DA:10,1
DA:11,1
DA:12,1
DA:13,1
DA:14,1
DA:15,1
DA:16,1
DA:17,1
DA:18,1
DA:19,1
DA:20,1
DA:21,1
DA:22,0
DA:23,0
DA:24,0
DA:25,0
DA:26,0
DA:27,0
DA:28,0
DA:29,0
DA:30,0
DA:31,0
DA:32,0
DA:33,0
DA:34,0
DA:35,0
DA:36,0
DA:37,0
DA:38,0
DA:39,0
DA:40,0
DA:41,0
DA:42,0
DA:43,0
DA:44,0
DA:45,0
DA:46,0
DA:47,0
DA:48,0
DA:49,0
DA:50,0
DA:51,0
DA:52,0
DA:53,0
DA:54,0
DA:55,0
DA:56,0
DA:57,0
DA:58,0
DA:59,0
DA:60,0
DA:61,0
DA:62,0
DA:63,0
DA:64,0
DA:65,0
DA:66,0
DA:67,0
DA:68,0
DA:69,0
DA:70,0
DA:71,0
DA:72,0
DA:73,1
DA:74,1
DA:75,1
DA:76,1
DA:77,1
DA:78,1
DA:79,0
DA:80,0
DA:81,0
DA:82,0
DA:83,0
DA:84,0
DA:85,0
DA:86,0
DA:87,0
DA:88,0
DA:89,0
DA:90,0
DA:91,0
DA:92,0
DA:93,0
DA:94,0
DA:95,0
DA:96,0
DA:97,0
DA:98,0
DA:99,0
DA:100,0
DA:101,0
DA:102,0
DA:103,0
DA:104,1
DA:105,1
DA:106,1
DA:107,1
DA:108,1
DA:109,1
DA:110,1
DA:111,1
DA:112,1
DA:113,1
DA:114,1
DA:115,1
DA:116,1
DA:117,1
DA:118,1
DA:119,1
DA:120,1
DA:121,1
DA:122,1
DA:123,1
DA:124,1
DA:125,1
DA:126,1
DA:127,1
DA:128,1
DA:129,1
DA:130,1
DA:131,1
DA:132,1
DA:133,1
DA:134,1
DA:135,1
DA:136,1
DA:137,1
DA:138,1
DA:139,1
DA:140,44
DA:141,44
DA:142,44
DA:143,44
DA:144,44
DA:145,44
DA:146,44
DA:147,44
DA:148,44
DA:149,1
DA:150,1
DA:151,1
LF:151
LH:75
BRDA:1,0,0,1
BRDA:118,1,0,0
BRDA:116,2,0,1
BRDA:139,3,0,44
BRDA:140,4,0,0
BRDA:141,5,0,0
BRDA:147,6,0,0
BRF:7
BRH:3
end_of_record
TN:
SF:backend\src\controllers\ai.controller.js
FN:5,getAutocompleteSuggestion
FNF:1
FNH:1
FNDA:1,getAutocompleteSuggestion
DA:1,1
DA:2,1
DA:3,1
DA:4,1
DA:5,1
DA:6,1
DA:7,1
DA:8,1
DA:9,1
DA:10,1
DA:11,1
DA:12,1
DA:13,1
DA:14,1
DA:15,1
DA:16,1
DA:17,1
DA:18,1
DA:19,1
DA:20,1
DA:21,1
DA:22,1
DA:23,1
DA:24,1
DA:25,1
DA:26,1
DA:27,1
DA:28,1
DA:29,1
DA:30,0
DA:31,0
DA:32,0
DA:33,1
LF:33
LH:30
BRDA:1,0,0,1
BRDA:5,1,0,1
BRDA:26,2,0,0
BRDA:29,3,0,0
BRF:4
BRH:2
end_of_record
TN:
SF:backend\src\controllers\notes.controller.js
FN:14,verifyNoteAccess
FN:23,cleanupAssociatedNoteImages
FN:224,validateUpdatePayload
FN:239,calculateNextVersion
FNF:4
FNH:4
FNDA:11,verifyNoteAccess
FNDA:5,cleanupAssociatedNoteImages
FNDA:5,validateUpdatePayload
FNDA:3,calculateNextVersion
DA:1,1
DA:2,1
DA:3,1
DA:4,1
DA:5,1
DA:6,1
DA:7,1
DA:8,1
DA:9,1
DA:10,1
DA:11,1
DA:12,1
DA:13,1
DA:14,1
DA:15,11
DA:16,1
DA:17,1
DA:18,11
DA:19,2
DA:20,2
DA:21,1
DA:22,1
DA:23,1
DA:24,5
DA:25,5
DA:26,5
DA:27,5
DA:28,2
DA:29,2
DA:30,2
DA:31,2
DA:32,2
DA:33,2
DA:34,2
DA:35,2
DA:36,2
DA:37,3
DA:38,5
DA:39,2
DA:40,2
DA:41,2
DA:42,2
DA:43,2
DA:44,2
DA:45,2
DA:46,1
DA:47,1
DA:48,1
DA:49,1
DA:50,1
DA:51,1
DA:52,1
DA:53,1
DA:54,2
DA:55,1
DA:56,2
DA:57,0
DA:58,0
DA:59,0
DA:60,0
DA:61,0
DA:62,2
DA:63,0
DA:64,0
DA:65,0
DA:66,0
DA:67,0
DA:68,2
DA:69,2
DA:70,2
DA:71,2
DA:72,2
DA:73,2
DA:74,1
DA:75,1
DA:76,1
DA:77,1
DA:78,1
DA:79,1
DA:80,1
DA:81,1
DA:82,1
DA:83,1
DA:84,2
DA:85,1
DA:86,5
DA:87,0
DA:88,0
DA:89,0
DA:90,0
DA:91,0
DA:92,0
DA:93,0
DA:94,0
DA:95,0
DA:96,0
DA:97,1
DA:98,1
DA:99,1
DA:100,4
DA:101,4
DA:102,4
DA:103,2
DA:104,2
DA:105,2
DA:106,2
DA:107,2
DA:108,2
DA:109,4
DA:110,4
DA:111,4
DA:112,4
DA:113,1
DA:114,4
DA:115,0
DA:116,0
DA:117,1
DA:118,1
DA:119,1
DA:120,1
DA:121,1
DA:122,1
DA:123,1
DA:124,1
DA:125,1
DA:126,1
DA:127,1
DA:128,1
DA:129,1
DA:130,1
DA:131,1
DA:132,4
DA:133,4
DA:134,4
DA:135,4
DA:136,4
DA:137,4
DA:138,4
DA:139,4
DA:140,4
DA:141,4
DA:142,4
DA:143,4
DA:144,4
DA:145,1
DA:146,1
DA:147,1
DA:148,1
DA:149,1
DA:150,1
DA:151,1
DA:152,1
DA:153,1
DA:154,1
DA:155,1
DA:156,1
DA:157,4
DA:158,4
DA:159,4
DA:160,4
DA:161,4
DA:162,4
DA:163,4
DA:164,4
DA:165,4
DA:166,4
DA:167,4
DA:168,4
DA:169,4
DA:170,4
DA:171,4
DA:172,4
DA:173,4
DA:174,2
DA:175,2
DA:176,2
DA:177,2
DA:178,2
DA:179,2
DA:180,2
DA:181,2
DA:182,2
DA:183,2
DA:184,2
DA:185,2
DA:186,2
DA:187,2
DA:188,2
DA:189,2
DA:190,2
DA:191,2
DA:192,2
DA:193,2
DA:194,2
DA:195,2
DA:196,2
DA:197,2
DA:198,1
DA:199,1
DA:200,1
DA:201,2
DA:202,2
DA:203,2
DA:204,1
DA:205,1
DA:206,1
DA:207,1
DA:208,1
DA:209,2
DA:210,2
DA:211,2
DA:212,2
DA:213,2
DA:214,2
DA:215,1
DA:216,1
DA:217,1
DA:218,0
DA:219,0
DA:220,1
DA:221,1
DA:222,1
DA:223,1
DA:224,1
DA:225,5
DA:226,1
DA:227,1
DA:228,1
DA:229,1
DA:230,1
DA:231,4
DA:232,4
DA:233,4
DA:234,0
DA:235,0
DA:236,4
DA:237,1
DA:238,1
DA:239,1
DA:240,3
DA:241,2
DA:242,2
DA:243,2
DA:244,2
DA:245,2
DA:246,2
DA:247,1
DA:248,1
DA:249,1
DA:250,1
DA:251,1
DA:252,1
DA:253,1
DA:254,1
DA:255,1
DA:256,1
DA:257,1
DA:258,1
DA:259,6
DA:260,6
DA:261,6
DA:262,6
DA:263,1
DA:264,1
DA:265,5
DA:266,5
DA:267,5
DA:268,5
DA:269,5
DA:270,6
DA:271,6
DA:272,6
DA:273,6
DA:274,6
DA:275,6
DA:276,6
DA:277,6
DA:278,6
DA:279,6
DA:280,6
DA:281,6
DA:282,6
DA:283,2
DA:284,2
DA:285,2
DA:286,6
DA:287,1
DA:288,1
DA:289,2
DA:290,2
DA:291,2
DA:292,6
DA:293,6
DA:294,6
DA:295,6
DA:296,6
DA:297,6
DA:298,6
DA:299,6
DA:300,6
DA:301,2
DA:302,6
DA:303,1
DA:304,1
DA:305,1
DA:306,1
DA:307,1
DA:308,1
DA:309,1
DA:310,1
DA:311,1
DA:312,6
DA:313,3
DA:314,3
DA:315,3
DA:316,0
DA:317,0
DA:318,3
DA:319,3
DA:320,1
DA:321,1
DA:322,1
DA:323,7
DA:324,7
DA:325,7
DA:326,1
DA:327,1
DA:328,6
DA:329,6
DA:330,6
DA:331,7
DA:332,7
DA:333,7
DA:334,2
DA:335,2
DA:336,2
DA:337,2
DA:338,2
DA:339,7
DA:340,4
DA:341,4
DA:342,4
DA:343,0
DA:344,0
DA:345,4
DA:346,4
DA:347,1
DA:348,1
DA:349,1
DA:350,3
DA:351,3
DA:352,3
DA:353,2
DA:354,2
DA:355,1
DA:356,1
DA:357,1
DA:358,1
DA:359,1
DA:360,1
DA:361,1
DA:362,1
DA:363,3
DA:364,0
DA:365,0
DA:366,1
DA:367,3
DA:368,0
DA:369,0
DA:370,1
DA:371,1
DA:372,1
DA:373,3
DA:374,3
DA:375,3
DA:376,3
DA:377,1
DA:378,3
DA:379,0
DA:380,0
DA:381,1
DA:382,1
DA:383,1
DA:384,1
DA:385,1
DA:386,3
DA:387,3
DA:388,3
DA:389,3
DA:390,3
DA:391,3
DA:392,3
DA:393,0
DA:394,0
DA:395,0
DA:396,0
DA:397,0
DA:398,0
DA:399,0
DA:400,0
DA:401,0
DA:402,0
DA:403,1
DA:404,1
DA:405,1
DA:406,8
DA:407,8
DA:408,8
DA:409,2
DA:410,2
DA:411,6
DA:412,6
DA:413,6
DA:414,6
DA:415,6
DA:416,5
DA:417,8
DA:418,2
DA:419,2
DA:420,3
DA:421,8
DA:422,2
DA:423,2
DA:424,1
DA:425,1
DA:426,1
DA:427,8
DA:428,0
DA:429,0
DA:430,1
DA:431,1
DA:432,1
DA:433,1
DA:434,1
DA:435,1
DA:436,1
DA:437,1
DA:438,1
DA:439,1
DA:440,1
DA:441,1
DA:442,8
DA:443,5
DA:444,5
DA:445,5
DA:446,1
DA:447,1
DA:448,5
DA:449,5
DA:450,1
DA:451,1
DA:452,1
DA:453,1
DA:454,1
DA:455,1
DA:456,1
DA:457,1
DA:458,1
DA:459,1
DA:460,1
LF:460
LH:412
BRDA:1,0,0,1
BRDA:14,1,0,11
BRDA:15,2,0,1
BRDA:18,3,0,10
BRDA:18,4,0,2
BRDA:23,5,0,5
BRDA:27,6,0,3
BRDA:27,7,0,2
BRDA:37,8,0,3
BRDA:38,9,0,1
BRDA:39,10,0,2
BRDA:74,11,0,1
BRDA:85,12,0,1
BRDA:86,13,0,0
BRDA:43,14,0,2
BRDA:45,15,0,1
BRDA:53,16,0,0
BRDA:54,17,0,1
BRDA:56,18,0,0
BRDA:62,19,0,0
BRDA:99,20,0,4
BRDA:102,21,0,3
BRDA:102,22,0,2
BRDA:110,23,0,2
BRDA:113,24,0,1
BRDA:114,25,0,0
BRDA:117,26,0,1
BRDA:123,27,0,0
BRDA:126,28,0,0
BRDA:131,29,0,4
BRDA:144,30,0,1
BRDA:144,31,0,1
BRDA:144,32,0,1
BRDA:158,33,0,0
BRDA:161,34,0,0
BRDA:164,35,0,0
BRDA:174,36,0,2
BRDA:192,37,0,0
BRDA:195,38,0,0
BRDA:200,39,0,2
BRDA:203,40,0,1
BRDA:214,41,0,1
BRDA:217,42,0,0
BRDA:224,43,0,5
BRDA:225,44,0,1
BRDA:225,45,0,1
BRDA:231,46,0,4
BRDA:233,47,0,0
BRDA:239,48,0,3
BRDA:240,49,0,2
BRDA:240,50,0,2
BRDA:246,51,0,1
BRDA:254,52,0,1
BRDA:258,53,0,6
BRDA:262,54,0,1
BRDA:265,55,0,5
BRDA:270,56,0,4
BRDA:272,57,0,0
BRDA:274,58,0,1
BRDA:282,59,0,2
BRDA:286,60,0,1
BRDA:289,61,0,2
BRDA:301,62,0,2
BRDA:302,63,0,1
BRDA:312,64,0,3
BRDA:315,65,0,0
BRDA:322,66,0,7
BRDA:325,67,0,1
BRDA:328,68,0,6
BRDA:334,69,0,2
BRDA:339,70,0,4
BRDA:342,71,0,0
BRDA:349,72,0,3
BRDA:350,73,0,1
BRDA:352,74,0,2
BRDA:355,75,0,1
BRDA:363,76,0,0
BRDA:366,77,0,1
BRDA:367,78,0,0
BRDA:370,79,0,1
BRDA:373,80,0,0
BRDA:374,81,0,1
BRDA:375,82,0,0
BRDA:375,83,0,0
BRDA:375,84,0,1
BRDA:377,85,0,1
BRDA:378,86,0,0
BRDA:381,87,0,1
BRDA:386,88,0,0
BRDA:392,89,0,0
BRDA:405,90,0,8
BRDA:408,91,0,6
BRDA:408,92,0,2
BRDA:411,93,0,6
BRDA:416,94,0,5
BRDA:417,95,0,2
BRDA:420,96,0,3
BRDA:421,97,0,2
BRDA:424,98,0,1
BRDA:427,99,0,0
BRDA:427,100,0,0
BRDA:430,101,0,1
BRDA:442,102,0,5
BRDA:444,103,0,4
BRDA:445,104,0,1
BRDA:447,105,0,0
BRF:106
BRH:78
end_of_record
TN:
SF:backend\src\controllers\user.controller.js
FN:7,generateAccessAndRefreshTokens
FNF:1
FNH:1
FNDA:3,generateAccessAndRefreshTokens
DA:1,1
DA:2,1
DA:3,1
DA:4,1
DA:5,1
DA:6,1
DA:7,1
DA:8,3
DA:9,3
DA:10,2
DA:11,2
DA:12,2
DA:13,2
DA:14,2
DA:15,1
DA:16,1
DA:17,3
DA:18,2
DA:19,2
DA:20,2
DA:21,2
DA:22,2
DA:23,2
DA:24,2
DA:25,2
DA:26,1
DA:27,1
DA:28,1
DA:29,6
DA:30,6
DA:31,6
DA:32,6
DA:33,6
DA:34,6
DA:35,6
DA:36,1
DA:37,1
DA:38,5
DA:39,5
DA:40,5
DA:41,5
DA:42,5
DA:43,4
DA:44,6
DA:45,1
DA:46,1
DA:47,3
DA:48,3
DA:49,3
DA:50,3
DA:51,3
DA:52,3
DA:53,3
DA:54,3
DA:55,3
DA:56,3
DA:57,1
DA:58,6
DA:59,0
DA:60,0
DA:61,0
DA:62,0
DA:63,0
DA:64,1
DA:65,1
DA:66,1
DA:67,1
DA:68,6
DA:69,4
DA:70,4
DA:71,4
DA:72,3
DA:73,3
DA:74,4
DA:75,4
DA:76,1
DA:77,1
DA:78,1
DA:79,7
DA:80,7
DA:81,7
DA:82,1
DA:83,1
DA:84,6
DA:85,6
DA:86,6
DA:87,7
DA:88,6
DA:89,7
DA:90,1
DA:91,1
DA:92,5
DA:93,5
DA:94,5
DA:95,5
DA:96,5
DA:97,4
DA:98,7
DA:99,0
DA:100,0
DA:101,4
DA:102,4
DA:103,4
DA:104,7
DA:105,1
DA:106,1
DA:107,3
DA:108,3
DA:109,3
DA:110,3
DA:111,1
DA:112,1
DA:113,1
DA:114,1
DA:115,1
DA:116,1
DA:117,1
DA:118,1
DA:119,1
DA:120,1
DA:121,1
DA:122,1
DA:123,1
DA:124,1
DA:125,1
DA:126,1
DA:127,1
DA:128,1
DA:129,1
DA:130,1
DA:131,1
DA:132,1
DA:133,1
DA:134,7
DA:135,4
DA:136,4
DA:137,4
DA:138,1
DA:139,1
DA:140,4
DA:141,4
DA:142,1
DA:143,1
DA:144,1
DA:145,2
DA:146,2
DA:147,2
DA:148,2
DA:149,2
DA:150,2
DA:151,2
DA:152,2
DA:153,2
DA:154,2
DA:155,2
DA:156,2
DA:157,1
DA:158,1
DA:159,1
DA:160,1
DA:161,1
DA:162,1
DA:163,1
DA:164,1
DA:165,1
DA:166,1
DA:167,1
DA:168,1
DA:169,1
DA:170,1
DA:171,1
DA:172,1
DA:173,1
DA:174,1
DA:175,1
DA:176,1
DA:177,1
DA:178,1
DA:179,1
DA:180,1
DA:181,1
DA:182,1
DA:183,1
DA:184,1
DA:185,5
DA:186,5
DA:187,5
DA:188,5
DA:189,1
DA:190,1
DA:191,4
DA:192,4
DA:193,4
DA:194,4
DA:195,4
DA:196,4
DA:197,4
DA:198,5
DA:199,3
DA:200,5
DA:201,1
DA:202,1
DA:203,2
DA:204,5
DA:205,1
DA:206,1
DA:207,1
DA:208,1
DA:209,1
DA:210,1
DA:211,1
DA:212,1
DA:213,1
DA:214,1
DA:215,1
DA:216,1
DA:217,1
DA:218,1
DA:219,1
DA:220,1
DA:221,1
DA:222,1
DA:223,1
DA:224,1
DA:225,1
DA:226,5
DA:227,0
DA:228,0
DA:229,1
DA:230,1
DA:231,1
DA:232,1
DA:233,1
DA:234,1
DA:235,1
DA:236,1
DA:237,1
DA:238,1
DA:239,1
DA:240,5
DA:241,3
DA:242,3
DA:243,3
DA:244,3
DA:245,1
DA:246,1
DA:247,1
DA:248,2
DA:249,2
DA:250,2
DA:251,2
DA:252,2
DA:253,2
DA:254,2
DA:255,2
DA:256,2
DA:257,2
DA:258,2
DA:259,2
DA:260,2
DA:261,2
DA:262,2
DA:263,2
DA:264,1
DA:265,1
DA:266,1
DA:267,1
DA:268,1
DA:269,1
DA:270,1
DA:271,1
DA:272,1
DA:273,1
DA:274,1
DA:275,1
DA:276,1
DA:277,1
DA:278,1
DA:279,1
DA:280,1
DA:281,1
DA:282,1
DA:283,1
DA:284,1
DA:285,1
LF:285
LH:276
BRDA:1,0,0,1
BRDA:7,1,0,3
BRDA:10,2,0,2
BRDA:15,3,0,1
BRDA:17,4,0,2
BRDA:19,5,0,0
BRDA:22,6,0,0
BRDA:28,7,0,6
BRDA:35,8,0,1
BRDA:38,9,0,5
BRDA:43,10,0,4
BRDA:44,11,0,1
BRDA:47,12,0,3
BRDA:57,13,0,1
BRDA:58,14,0,0
BRDA:64,15,0,1
BRDA:68,16,0,4
BRDA:70,17,0,1
BRDA:71,18,0,3
BRDA:73,19,0,0
BRDA:33,20,0,17
BRDA:33,21,0,16
BRDA:78,22,0,7
BRDA:81,23,0,1
BRDA:84,24,0,6
BRDA:87,25,0,6
BRDA:89,26,0,1
BRDA:92,27,0,5
BRDA:97,28,0,4
BRDA:98,29,0,0
BRDA:101,30,0,4
BRDA:104,31,0,1
BRDA:107,32,0,3
BRDA:111,33,0,1
BRDA:134,34,0,4
BRDA:136,35,0,3
BRDA:137,36,0,1
BRDA:139,37,0,0
BRDA:144,38,0,2
BRDA:157,39,0,1
BRDA:170,40,0,0
BRDA:173,41,0,0
BRDA:178,42,0,1
BRDA:184,43,0,5
BRDA:186,44,0,4
BRDA:188,45,0,1
BRDA:191,46,0,4
BRDA:198,47,0,3
BRDA:199,48,0,3
BRDA:200,49,0,1
BRDA:203,50,0,2
BRDA:204,51,0,1
BRDA:226,52,0,0
BRDA:229,53,0,1
BRDA:240,54,0,3
BRDA:242,55,0,2
BRDA:243,56,0,1
BRDA:243,57,0,0
BRDA:247,58,0,2
BRDA:251,59,0,0
BRDA:263,60,0,1
BRF:61
BRH:50
end_of_record
TN:
SF:backend\src\middlewares\auth.middleware.js
FNF:0
FNH:0
DA:1,1
DA:2,1
DA:3,1
DA:4,1
DA:5,1
DA:6,1
DA:7,41
DA:8,41
DA:9,41
DA:10,41
DA:11,41
DA:12,41
DA:13,1
DA:14,1
DA:15,40
DA:16,40
DA:17,40
DA:18,41
DA:19,41
DA:20,41
DA:21,40
DA:22,41
DA:23,0
DA:24,0
DA:25,40
DA:26,40
DA:27,40
DA:28,41
DA:29,1
DA:30,1
DA:31,1
LF:31
LH:29
BRDA:1,0,0,1
BRDA:6,1,0,41
BRDA:10,2,0,40
BRDA:12,3,0,1
BRDA:15,4,0,40
BRDA:21,5,0,40
BRDA:22,6,0,0
BRDA:25,7,0,40
BRDA:28,8,0,1
BRF:9
BRH:8
end_of_record
TN:
SF:backend\src\middlewares\multer.middleware.js
FN:13,destination
FN:23,filename
FN:32,fileFilter
FNF:3
FNH:3
FNDA:1,destination
FNDA:1,filename
FNDA:1,fileFilter
DA:1,1
DA:2,1
DA:3,1
DA:4,1
DA:5,1
DA:6,1
DA:7,1
DA:8,1
DA:9,1
DA:10,1
DA:11,1
DA:12,1
DA:13,1
DA:14,1
DA:15,1
DA:16,1
DA:17,1
DA:18,0
DA:19,0
DA:20,1
DA:21,1
DA:22,1
DA:23,1
DA:24,1
DA:25,1
DA:26,1
DA:27,1
DA:28,1
DA:29,1
DA:30,1
DA:31,1
DA:32,1
DA:33,1
DA:34,1
DA:35,1
DA:36,1
DA:37,1
DA:38,1
DA:39,1
DA:40,1
DA:41,1
DA:42,1
DA:43,1
DA:44,1
DA:45,1
DA:46,1
DA:47,1
DA:48,1
DA:49,0
DA:50,0
DA:51,1
DA:52,1
DA:53,1
DA:54,1
DA:55,1
DA:56,1
DA:57,1
DA:58,1
DA:59,1
LF:59
LH:55
BRDA:1,0,0,1
BRDA:13,1,0,1
BRDA:16,2,0,1
BRDA:17,3,0,0
BRDA:23,4,0,1
BRDA:32,5,0,1
BRDA:44,6,0,0
BRDA:48,7,0,0
BRF:8
BRH:5
end_of_record
TN:
SF:backend\src\middlewares\rateLimiter.middleware.js
FN:33,sendCommand
FN:36,skip
FN:52,sendCommand
FN:55,skip
FNF:4
FNH:4
FNDA:2,sendCommand
FNDA:60,skip
FNDA:2,sendCommand
FNDA:13,skip
DA:1,1
DA:2,1
DA:3,1
DA:4,1
DA:5,1
DA:6,1
DA:7,1
DA:8,1
DA:9,1
DA:10,1
DA:11,1
DA:12,1
DA:13,1
DA:14,0
DA:15,1
DA:16,1
DA:17,1
DA:18,0
DA:19,0
DA:20,1
DA:21,1
DA:22,1
DA:23,1
DA:24,1
DA:25,1
DA:26,1
DA:27,1
DA:28,1
DA:29,1
DA:30,1
DA:31,1
DA:32,1
DA:33,1
DA:34,1
DA:35,1
DA:36,1
DA:37,60
DA:38,1
DA:39,1
DA:40,1
DA:41,1
DA:42,1
DA:43,1
DA:44,1
DA:45,1
DA:46,1
DA:47,1
DA:48,1
DA:49,1
DA:50,1
DA:51,1
DA:52,1
DA:53,1
DA:54,1
DA:55,1
DA:56,13
DA:57,1
DA:58,1
LF:58
LH:55
BRDA:1,0,0,1
BRDA:33,1,0,2
BRDA:36,2,0,60
BRDA:38,3,0,120
BRDA:52,4,0,2
BRDA:55,5,0,13
BRDA:57,6,0,26
BRF:7
BRH:7
end_of_record
TN:
SF:backend\src\models\note.model.js
FNF:0
FNH:0
DA:1,1
DA:2,1
DA:3,1
DA:4,1
DA:5,1
DA:6,1
DA:7,1
DA:8,1
DA:9,1
DA:10,1
DA:11,1
DA:12,1
DA:13,1
DA:14,1
DA:15,1
DA:16,1
DA:17,1
DA:18,1
DA:19,1
DA:20,1
DA:21,1
DA:22,1
DA:23,1
DA:24,1
DA:25,1
DA:26,1
DA:27,1
DA:28,1
DA:29,1
DA:30,1
DA:31,1
DA:32,1
DA:33,1
DA:34,0
DA:35,1
DA:36,1
DA:37,1
LF:37
LH:36
BRDA:1,0,0,1
BRF:1
BRH:1
end_of_record
TN:
SF:backend\src\models\noteImage.model.js
FNF:0
FNH:0
DA:1,1
DA:2,1
DA:3,1
DA:4,1
DA:5,1
DA:6,1
DA:7,1
DA:8,1
DA:9,1
DA:10,1
DA:11,1
DA:12,1
DA:13,1
DA:14,1
DA:15,1
DA:16,1
DA:17,1
DA:18,1
DA:19,1
DA:20,1
DA:21,1
DA:22,1
DA:23,1
DA:24,1
DA:25,1
DA:26,1
DA:27,1
DA:28,1
DA:29,1
DA:30,1
DA:31,1
DA:32,1
LF:32
LH:32
BRDA:1,0,0,1
BRF:1
BRH:1
end_of_record
TN:
SF:backend\src\models\user.model.js
FN:42,transform
FN:60,userSchema.methods.isPasswordCorrect
FN:68,userSchema.methods.generateAccessToken
FN:82,userSchema.methods.generateRefreshToken
FNF:4
FNH:0
FNDA:0,transform
FNDA:0,userSchema.methods.isPasswordCorrect
FNDA:0,userSchema.methods.generateAccessToken
FNDA:0,userSchema.methods.generateRefreshToken
DA:1,1
DA:2,1
DA:3,1
DA:4,1
DA:5,1
DA:6,1
DA:7,1
DA:8,1
DA:9,1
DA:10,1
DA:11,1
DA:12,1
DA:13,1
DA:14,1
DA:15,1
DA:16,1
DA:17,1
DA:18,1
DA:19,1
DA:20,1
DA:21,1
DA:22,1
DA:23,1
DA:24,1
DA:25,1
DA:26,1
DA:27,1
DA:28,1
DA:29,1
DA:30,1
DA:31,1
DA:32,1
DA:33,1
DA:34,1
DA:35,1
DA:36,1
DA:37,1
DA:38,1
DA:39,1
DA:40,1
DA:41,1
DA:42,1
DA:43,0
DA:44,0
DA:45,0
DA:46,1
DA:47,1
DA:48,1
DA:49,1
DA:50,1
DA:51,1
DA:52,0
DA:53,0
DA:54,0
DA:55,0
DA:56,0
DA:57,0
DA:58,1
DA:59,1
DA:60,1
DA:61,0
DA:62,0
DA:63,0
DA:64,0
DA:65,0
DA:66,1
DA:67,1
DA:68,1
DA:69,0
DA:70,0
DA:71,0
DA:72,0
DA:73,0
DA:74,0
DA:75,0
DA:76,0
DA:77,0
DA:78,0
DA:79,0
DA:80,1
DA:81,1
DA:82,1
DA:83,0
DA:84,0
DA:85,0
DA:86,0
DA:87,0
DA:88,0
DA:89,0
DA:90,0
DA:91,0
DA:92,1
DA:93,1
DA:94,1
DA:95,1
LF:95
LH:61
BRDA:1,0,0,1
BRF:1
BRH:1
end_of_record
TN:
SF:backend\src\routes\ai.routes.js
FNF:0
FNH:0
DA:1,1
DA:2,1
DA:3,1
DA:4,1
DA:5,1
DA:6,1
DA:7,1
DA:8,1
DA:9,1
DA:10,1
LF:10
LH:10
BRDA:1,0,0,1
BRF:1
BRH:1
end_of_record
TN:
SF:backend\src\routes\note.routes.js
FNF:0
FNH:0
DA:1,1
DA:2,1
DA:3,1
DA:4,1
DA:5,1
DA:6,1
DA:7,1
DA:8,1
DA:9,1
DA:10,1
DA:11,1
DA:12,1
DA:13,1
DA:14,1
DA:15,1
DA:16,1
DA:17,1
DA:18,1
DA:19,1
DA:20,1
DA:21,1
DA:22,1
DA:23,1
DA:24,1
DA:25,1
LF:25
LH:25
BRDA:1,0,0,1
BRF:1
BRH:1
end_of_record
TN:
SF:backend\src\routes\payment.route.js
FNF:0
FNH:0
DA:1,1
DA:2,1
DA:3,1
DA:4,1
DA:5,1
DA:6,1
DA:7,1
DA:8,0
DA:9,0
DA:10,0
DA:11,0
DA:12,0
DA:13,0
DA:14,0
DA:15,0
DA:16,0
DA:17,0
DA:18,0
DA:19,0
DA:20,0
DA:21,0
DA:22,0
DA:23,0
DA:24,0
DA:25,0
DA:26,0
DA:27,0
DA:28,0
DA:29,0
DA:30,0
DA:31,0
DA:32,1
DA:33,1
DA:34,1
LF:34
LH:10
BRDA:1,0,0,1
BRF:1
BRH:1
end_of_record
TN:
SF:backend\src\routes\user.routes.js
FNF:0
FNH:0
DA:1,1
DA:2,1
DA:3,1
DA:4,1
DA:5,1
DA:6,1
DA:7,1
DA:8,1
DA:9,1
DA:10,1
DA:11,1
DA:12,1
DA:13,1
DA:14,1
DA:15,1
DA:16,1
DA:17,1
DA:18,1
DA:19,1
DA:20,1
DA:21,1
DA:22,1
DA:23,1
LF:23
LH:23
BRDA:1,0,0,1
BRF:1
BRH:1
end_of_record
TN:
SF:backend\src\utils\ApiError.js
FN:3,ApiError
FNF:1
FNH:1
FNDA:45,ApiError
DA:1,1
DA:2,1
DA:3,1
DA:4,45
DA:5,45
DA:6,45
DA:7,45
DA:8,45
DA:9,45
DA:10,45
DA:11,45
DA:12,45
DA:13,45
DA:14,45
DA:15,45
DA:16,45
DA:17,0
DA:18,45
DA:19,45
DA:20,45
DA:21,45
DA:22,1
LF:22
LH:21
BRDA:1,0,0,1
BRDA:3,1,0,45
BRDA:16,2,0,0
BRF:3
BRH:2
end_of_record
TN:
SF:backend\src\utils\ApiResponse.js
FN:2,ApiResponse
FNF:1
FNH:1
FNDA:14,ApiResponse
DA:1,1
DA:2,1
DA:3,14
DA:4,14
DA:5,14
DA:6,14
DA:7,14
DA:8,1
LF:8
LH:8
BRDA:1,0,0,1
BRDA:2,1,0,14
BRF:2
BRH:2
end_of_record
TN:
SF:backend\src\utils\asyncHandler.js
FN:1,asyncHandler
FNF:1
FNH:1
FNDA:14,asyncHandler
DA:1,1
DA:2,14
DA:3,98
DA:4,98
DA:5,1
DA:6,1
DA:7,1
DA:8,1
LF:8
LH:8
BRDA:1,0,0,1
BRDA:1,1,0,14
BRDA:2,2,0,98
BRDA:3,3,0,44
BRF:4
BRH:4
end_of_record
TN:
SF:backend\src\utils\cloudinary.js
FN:14,uploadOnCloudinary
FN:31,deleteFromCloudinary
FNF:2
FNH:2
FNDA:1,uploadOnCloudinary
FNDA:2,deleteFromCloudinary
DA:1,1
DA:2,1
DA:3,1
DA:4,1
DA:5,1
DA:6,1
DA:7,1
DA:8,1
DA:9,1
DA:10,1
DA:11,1
DA:12,1
DA:13,1
DA:14,1
DA:15,1
DA:16,1
DA:17,1
DA:18,1
DA:19,1
DA:20,1
DA:21,1
DA:22,1
DA:23,0
DA:24,0
DA:25,0
DA:26,0
DA:27,0
DA:28,0
DA:29,1
DA:30,1
DA:31,1
DA:32,2
DA:33,2
DA:34,2
DA:35,2
DA:36,2
DA:37,0
DA:38,0
DA:39,1
DA:40,1
DA:41,1
LF:41
LH:33
BRDA:1,0,0,1
BRDA:14,1,0,1
BRDA:16,2,0,0
BRDA:22,3,0,0
BRDA:31,4,0,2
BRDA:36,5,0,0
BRF:6
BRH:3
end_of_record
TN:
SF:backend\src\utils\logger.js
FNF:0
FNH:0
DA:1,1
DA:2,1
DA:3,1
DA:4,1
DA:5,1
DA:6,1
DA:7,1
DA:8,1
DA:9,1
DA:10,1
DA:11,1
DA:12,1
DA:13,1
DA:14,1
DA:15,1
LF:15
LH:15
BRDA:1,0,0,1
BRF:1
BRH:1
end_of_record
